<?xml version="1.0" encoding="UTF-8"?>
<testng-results ignored="0" total="1" passed="1" failed="0" skipped="0">
  <reporter-output>
  </reporter-output>
  <suite started-at="2022-12-03T01:39:19 CST" name="Default suite" finished-at="2022-12-03T01:39:53 CST" duration-ms="34227">
    <groups>
    </groups>
    <test started-at="2022-12-03T01:39:19 CST" name="Default test" finished-at="2022-12-03T01:39:53 CST" duration-ms="34227">
      <class name="testCases.Login_testCase">
        <test-method signature="login()[pri:0, instance:testCases.Login_testCase@759d26fb]" started-at="2022-12-03T01:39:19 CST" name="login" finished-at="2022-12-03T01:39:53 CST" duration-ms="34159" status="PASS">
          <reporter-output>
          </reporter-output>
        </test-method> <!-- login -->
      </class> <!-- testCases.Login_testCase -->
    </test> <!-- Default test -->
  </suite> <!-- Default suite -->
</testng-results>
